<?xml version="1.0" encoding="UTF-8"?>
<!-- Generated by org.testng.reporters.JUnitXMLReporter -->
<testsuite ignored="0" hostname="Mac.attlocal.net" failures="1" tests="2" name="Login Tests" time="0.91" errors="0" timestamp="2025-03-24T23:07:14 CDT">
  <testcase classname="com.api.tests.LoginRequest" name="login" time="0.894"/>
  <testcase classname="com.api.tests.CreateProgram" name="Createprogram" time="0.0">
    <failure type="org.testng.TestNGException" message="
Cannot inject @Test annotated Method [Createprogram] with [class java.lang.String, class java.lang.String].
For more information on native dependency injection please refer to https://testng.org/#_dependency_injection">
      <![CDATA[org.testng.TestNGException: 
Cannot inject @Test annotated Method [Createprogram] with [class java.lang.String, class java.lang.String].
For more information on native dependency injection please refer to https://testng.org/#_dependency_injection
at java.base/java.util.ArrayList.forEach(ArrayList.java:1596)
... Removed 26 stack frames]]>
    </failure>
  </testcase> <!-- Createprogram -->
</testsuite> <!-- Login Tests -->
