<?xml version="1.0" encoding="UTF-8"?>
<!-- Generated by org.testng.reporters.JUnitXMLReporter -->
<testsuite ignored="0" hostname="Mac.attlocal.net" failures="1" tests="6" name="Create Program Test" time="1.252" errors="0" timestamp="2025-03-26T16:55:48 CDT">
  <testcase classname="com.api.tests.ProgramModule" name="createprogram" time="0.352"/>
  <testcase classname="com.api.tests.ProgramModule" name="createprogram" time="0.17"/>
  <testcase classname="com.api.tests.ProgramModule" name="createprogram" time="0.182"/>
  <testcase classname="com.api.tests.ProgramModule" name="getAllPrograms" time="0.186"/>
  <testcase classname="com.api.tests.ProgramModule" name="getProgrambyId" time="0.173"/>
  <testcase classname="com.api.tests.ProgramModule" name="UpdateProgram" time="0.17">
    <failure type="java.lang.AssertionError" message="Expected status code: 200 but got: 400">
      <![CDATA[java.lang.AssertionError: Expected status code: 200 but got: 400
at com.api.tests.ProgramModule.UpdateProgram(ProgramModule.java:103)
at java.base/java.util.ArrayList.forEach(ArrayList.java:1596)
... Removed 25 stack frames]]>
    </failure>
  </testcase> <!-- UpdateProgram -->
</testsuite> <!-- Create Program Test -->
