<?xml version="1.0" encoding="UTF-8"?>
<testng-results ignored="0" total="9" passed="9" failed="0" skipped="0">
  <reporter-output>
  </reporter-output>
  <suite started-at="2025-03-26T19:14:08 CDT" name="API Test Suite" finished-at="2025-03-26T19:14:10 CDT" duration-ms="2619">
    <groups>
    </groups>
    <test started-at="2025-03-26T19:14:08 CDT" name="Login Test" finished-at="2025-03-26T19:14:09 CDT" duration-ms="949">
      <class name="com.api.tests.LoginRequest">
        <test-method signature="login()[pri:0, instance:com.api.tests.LoginRequest@3835c46]" started-at="2025-03-26T19:14:08 CDT" name="login" finished-at="2025-03-26T19:14:09 CDT" duration-ms="937" status="PASS">
          <reporter-output>
          </reporter-output>
        </test-method> <!-- login -->
      </class> <!-- com.api.tests.LoginRequest -->
    </test> <!-- Login Test -->
    <test started-at="2025-03-26T19:14:09 CDT" name="Create Program Test" finished-at="2025-03-26T19:14:10 CDT" duration-ms="1314">
      <class name="com.api.tests.ProgramModule">
        <test-method is-config="true" signature="setUp(java.lang.String,java.lang.String,java.lang.String)[pri:0, instance:com.api.tests.ProgramModule@618b19ad]" started-at="2025-03-26T19:14:09 CDT" name="setUp" finished-at="2025-03-26T19:14:09 CDT" duration-ms="3" status="PASS">
          <params>
            <param index="0">
              <value>
                <![CDATA[Program.json]]>
              </value>
            </param>
            <param index="1">
              <value>
                <![CDATA[Create Program]]>
              </value>
            </param>
            <param index="2">
              <value>
                <![CDATA[Update Program]]>
              </value>
            </param>
          </params>
          <reporter-output>
          </reporter-output>
        </test-method> <!-- setUp -->
        <test-method signature="createprogram(org.json.simple.JSONObject,java.lang.String,int)[pri:0, instance:com.api.tests.ProgramModule@618b19ad]" started-at="2025-03-26T19:14:09 CDT" name="createprogram" data-provider="jsondataProviderCreate" finished-at="2025-03-26T19:14:09 CDT" duration-ms="342" status="PASS">
          <params>
            <param index="0">
              <value>
                <![CDATA[{"programDescription":"@@","programName":"@@","programStatus":"Active"}]]>
              </value>
            </param>
            <param index="1">
              <value>
                <![CDATA[InValid Data]]>
              </value>
            </param>
            <param index="2">
              <value>
                <![CDATA[400]]>
              </value>
            </param>
          </params>
          <reporter-output>
          </reporter-output>
        </test-method> <!-- createprogram -->
        <test-method signature="createprogram(org.json.simple.JSONObject,java.lang.String,int)[pri:0, instance:com.api.tests.ProgramModule@618b19ad]" started-at="2025-03-26T19:14:09 CDT" name="createprogram" data-provider="jsondataProviderCreate" finished-at="2025-03-26T19:14:09 CDT" duration-ms="176" status="PASS">
          <params>
            <param index="0">
              <value>
                <![CDATA[{"programDescription":" ","programName":"@@","programStatus":"Active"}]]>
              </value>
            </param>
            <param index="1">
              <value>
                <![CDATA[InValid Data]]>
              </value>
            </param>
            <param index="2">
              <value>
                <![CDATA[400]]>
              </value>
            </param>
          </params>
          <reporter-output>
          </reporter-output>
        </test-method> <!-- createprogram -->
        <test-method signature="createprogram(org.json.simple.JSONObject,java.lang.String,int)[pri:0, instance:com.api.tests.ProgramModule@618b19ad]" started-at="2025-03-26T19:14:09 CDT" name="createprogram" data-provider="jsondataProviderCreate" finished-at="2025-03-26T19:14:09 CDT" duration-ms="264" status="PASS">
          <params>
            <param index="0">
              <value>
                <![CDATA[{"programDescription":"CloudertCoursses","programName":"CloudtComputers","programStatus":"Active"}]]>
              </value>
            </param>
            <param index="1">
              <value>
                <![CDATA[Valid Data]]>
              </value>
            </param>
            <param index="2">
              <value>
                <![CDATA[201]]>
              </value>
            </param>
          </params>
          <reporter-output>
          </reporter-output>
        </test-method> <!-- createprogram -->
        <test-method signature="getAllPrograms()[pri:0, instance:com.api.tests.ProgramModule@618b19ad]" started-at="2025-03-26T19:14:09 CDT" name="getAllPrograms" finished-at="2025-03-26T19:14:10 CDT" duration-ms="183" status="PASS">
          <reporter-output>
          </reporter-output>
        </test-method> <!-- getAllPrograms -->
        <test-method signature="getProgrambyId()[pri:0, instance:com.api.tests.ProgramModule@618b19ad]" started-at="2025-03-26T19:14:10 CDT" name="getProgrambyId" finished-at="2025-03-26T19:14:10 CDT" duration-ms="164" status="PASS">
          <reporter-output>
          </reporter-output>
        </test-method> <!-- getProgrambyId -->
        <test-method signature="UpdateProgram(org.json.simple.JSONObject,java.lang.String,int)[pri:0, instance:com.api.tests.ProgramModule@618b19ad]" started-at="2025-03-26T19:14:10 CDT" name="UpdateProgram" data-provider="jsondataProviderUpdate" finished-at="2025-03-26T19:14:10 CDT" depends-on-methods="com.api.tests.ProgramModule.createprogram" duration-ms="172" status="PASS">
          <params>
            <param index="0">
              <value>
                <![CDATA[{"programDescription":"ArtWorkerstCourse","programName":"ArtiststictCourses","programStatus":"Active"}]]>
              </value>
            </param>
            <param index="1">
              <value>
                <![CDATA[Valid Data]]>
              </value>
            </param>
            <param index="2">
              <value>
                <![CDATA[200]]>
              </value>
            </param>
          </params>
          <reporter-output>
          </reporter-output>
        </test-method> <!-- UpdateProgram -->
      </class> <!-- com.api.tests.ProgramModule -->
    </test> <!-- Create Program Test -->
    <test started-at="2025-03-26T19:14:10 CDT" name="Create Batch Test" finished-at="2025-03-26T19:14:10 CDT" duration-ms="342">
      <class name="com.api.tests.CreateBatch">
        <test-method is-config="true" signature="setUp(java.lang.String,java.lang.String,java.lang.String)[pri:0, instance:com.api.tests.CreateBatch@22555ebf]" started-at="2025-03-26T19:14:10 CDT" name="setUp" finished-at="2025-03-26T19:14:10 CDT" duration-ms="1" status="PASS">
          <params>
            <param index="0">
              <value>
                <![CDATA[BatchData.json]]>
              </value>
            </param>
            <param index="1">
              <value>
                <![CDATA[Create Batch]]>
              </value>
            </param>
            <param index="2">
              <value>
                <![CDATA[]]>
              </value>
            </param>
          </params>
          <reporter-output>
          </reporter-output>
        </test-method> <!-- setUp -->
        <test-method signature="Createbatch(org.json.simple.JSONObject,java.lang.String,int)[pri:0, instance:com.api.tests.CreateBatch@22555ebf]" started-at="2025-03-26T19:14:10 CDT" name="Createbatch" data-provider="jsondataProviderCreate" finished-at="2025-03-26T19:14:10 CDT" duration-ms="176" status="PASS">
          <params>
            <param index="0">
              <value>
                <![CDATA[{"batchName":"@@6","batchNoOfClasses":15,"batchDescription":"@@@","batchStatus":"InActive","programId":""}]]>
              </value>
            </param>
            <param index="1">
              <value>
                <![CDATA[InvalidBatch_NoProgramId]]>
              </value>
            </param>
            <param index="2">
              <value>
                <![CDATA[400]]>
              </value>
            </param>
          </params>
          <reporter-output>
          </reporter-output>
        </test-method> <!-- Createbatch -->
        <test-method signature="Createbatch(org.json.simple.JSONObject,java.lang.String,int)[pri:0, instance:com.api.tests.CreateBatch@22555ebf]" started-at="2025-03-26T19:14:10 CDT" name="Createbatch" data-provider="jsondataProviderCreate" finished-at="2025-03-26T19:14:10 CDT" duration-ms="163" status="PASS">
          <params>
            <param index="0">
              <value>
                <![CDATA[{"batchName":"SDET953","batchNoOfClasses":15,"batchDescription":"newertyBatchess","batchStatus":"Active","programId":"{{programId}}"}]]>
              </value>
            </param>
            <param index="1">
              <value>
                <![CDATA[ValidBatch]]>
              </value>
            </param>
            <param index="2">
              <value>
                <![CDATA[201]]>
              </value>
            </param>
          </params>
          <reporter-output>
          </reporter-output>
        </test-method> <!-- Createbatch -->
      </class> <!-- com.api.tests.CreateBatch -->
    </test> <!-- Create Batch Test -->
  </suite> <!-- API Test Suite -->
</testng-results>
